<?xml version="1.0" encoding="UTF-8"?>
<testsuite xmlns:xsi="http://www.w3.org/2001/XMLSchema-instance" xsi:noNamespaceSchemaLocation="https://maven.apache.org/surefire/maven-surefire-plugin/xsd/surefire-test-report-3.0.xsd" version="3.0" name="com.todo.app.TodoManagerTest" time="0.035" tests="8" errors="0" skipped="0" failures="0">
  <properties>
[...]
</properties>
  <testcase name="testAddTodo" classname="com.todo.app.TodoManagerTest" time="0.008"/>
  <testcase name="testClearAllTodos" classname="com.todo.app.TodoManagerTest" time="0.004"/>
  <testcase name="testGetCompletedTodos" classname="com.todo.app.TodoManagerTest" time="0.004"/>
  <testcase name="testMarkTodoComplete" classname="com.todo.app.TodoManagerTest" time="0.003"/>
  <testcase name="testGetTodoById" classname="com.todo.app.TodoManagerTest" time="0.001"/>
  <testcase name="testRemoveTodo" classname="com.todo.app.TodoManagerTest" time="0.002"/>
  <testcase name="testRemoveNonExistentTodo" classname="com.todo.app.TodoManagerTest" time="0.002"/>
  <testcase name="testMarkTodoIncomplete" classname="com.todo.app.TodoManagerTest" time="0"/>
</testsuite>